This is pdfTeX, Version 3.14159265-2.6-1.40.21 (MiKTeX 20.11) (preloaded format=pdflatex 2020.11.6)  3 FEB 2021 10:49
entering extended mode
**./report.tex
(report.tex
LaTeX2e <2020-10-01> patch level 2
L3 programming layer <2020-10-27> xparse <2020-03-03> (revdetua.cls
Document Class: revdetua 2012/09/17 v1.3l revdetua document class
(C:\Users\rodri\AppData\Local\Programs\MiKTeX\tex/generic/babel\babel.sty
Package: babel 2020/10/27 3.51 The Babel package

(C:\Users\rodri\AppData\Local\Programs\MiKTeX\tex/generic/babel\babel.def
File: babel.def 2020/10/27 3.51 Babel common definitions
\babel@savecnt=\count175
\U@D=\dimen138
\l@babelnohyphens=\language79

(C:\Users\rodri\AppData\Local\Programs\MiKTeX\tex/generic/babel\txtbabel.def)
\bbl@readstream=\read2
)
\bbl@dirlevel=\count176

*************************************
* Local config file bblopts.cfg used
*
(C:\Users\rodri\AppData\Local\Programs\MiKTeX\tex/latex/arabi\bblopts.cfg
File: bblopts.cfg 2005/09/08 v0.1 add Arabic and Farsi to "declared" options of
 babel
)
(C:\Users\rodri\AppData\Local\Programs\MiKTeX\tex/latex/babel-english\english.l
df
Language: english 2017/06/06 v3.3r English support from the babel system
Package babel Info: \l@canadian = using hyphenrules for english
(babel)             (\language0) on input line 102.
Package babel Info: \l@australian = using hyphenrules for ukenglish
(babel)             (\language73) on input line 105.
Package babel Info: \l@newzealand = using hyphenrules for ukenglish
(babel)             (\language73) on input line 108.
)
(C:\Users\rodri\AppData\Local\Programs\MiKTeX\tex/latex/babel-portuges\portugue
se.ldf
Language: portuges 2020/05/04 v1.2r Portuguese support from the babel system
Package babel Info: Making " an active character on input line 143.
)) (C:\Users\rodri\AppData\Local\Programs\MiKTeX\tex/latex/url\url.sty
\Urlmuskip=\muskip16
Package: url 2013/09/16  ver 3.4  Verb mode for urls, etc.
)
* Please use the times option in the final version *
(C:\Users\rodri\AppData\Local\Programs\MiKTeX\tex/latex/cite\cite.sty
LaTeX Info: Redefining \cite on input line 302.
LaTeX Info: Redefining \nocite on input line 332.
Package: cite 2015/02/27  v 5.5
)
\c@section=\count177
\c@subsection=\count178
\c@subsubsection=\count179
\tmpitemindent=\dimen139
\c@figure=\count180
\c@table=\count181
\abovecaptionskip=\skip47
\belowcaptionskip=\skip48
\bibindent=\dimen140
)
(C:\Users\rodri\AppData\Local\Programs\MiKTeX\tex/latex/graphics\graphicx.sty
Package: graphicx 2020/09/09 v1.2b Enhanced LaTeX Graphics (DPC,SPQR)

(C:\Users\rodri\AppData\Local\Programs\MiKTeX\tex/latex/graphics\keyval.sty
Package: keyval 2014/10/28 v1.15 key=value parser (DPC)
\KV@toks@=\toks15
)
(C:\Users\rodri\AppData\Local\Programs\MiKTeX\tex/latex/graphics\graphics.sty
Package: graphics 2020/08/30 v1.4c Standard LaTeX Graphics (DPC,SPQR)

(C:\Users\rodri\AppData\Local\Programs\MiKTeX\tex/latex/graphics\trig.sty
Package: trig 2016/01/03 v1.10 sin cos tan (DPC)
)
(C:\Users\rodri\AppData\Local\Programs\MiKTeX\tex/latex/graphics-cfg\graphics.c
fg
File: graphics.cfg 2016/06/04 v1.11 sample graphics configuration
)
Package graphics Info: Driver file: pdftex.def on input line 105.

(C:\Users\rodri\AppData\Local\Programs\MiKTeX\tex/latex/graphics-def\pdftex.def
File: pdftex.def 2020/10/05 v1.2a Graphics/color driver for pdftex
))
\Gin@req@height=\dimen141
\Gin@req@width=\dimen142
)
(C:\Users\rodri\AppData\Local\Programs\MiKTeX\tex/latex/l3backend\l3backend-pdf
tex.def
File: l3backend-pdftex.def 2020-09-24 L3 backend support: PDF output (pdfTeX)
\l__kernel_color_stack_int=\count182
\l__pdf_internal_box=\box47
)

LaTeX Warning: Unused global option(s):
    [...].

(report.aux)
\openout1 = `report.aux'.

LaTeX Font Info:    Checking defaults for OML/cmm/m/it on input line 33.
LaTeX Font Info:    ... okay on input line 33.
LaTeX Font Info:    Checking defaults for OMS/cmsy/m/n on input line 33.
LaTeX Font Info:    ... okay on input line 33.
LaTeX Font Info:    Checking defaults for OT1/cmr/m/n on input line 33.
LaTeX Font Info:    ... okay on input line 33.
LaTeX Font Info:    Checking defaults for T1/cmr/m/n on input line 33.
LaTeX Font Info:    ... okay on input line 33.
LaTeX Font Info:    Checking defaults for TS1/cmr/m/n on input line 33.
LaTeX Font Info:    ... okay on input line 33.
LaTeX Font Info:    Checking defaults for OMX/cmex/m/n on input line 33.
LaTeX Font Info:    ... okay on input line 33.
LaTeX Font Info:    Checking defaults for U/cmr/m/n on input line 33.
LaTeX Font Info:    ... okay on input line 33.

(C:\Users\rodri\AppData\Local\Programs\MiKTeX\tex/context/base/mkii\supp-pdf.mk
ii
[Loading MPS to PDF converter (version 2006.09.02).]
\scratchcounter=\count183
\scratchdimen=\dimen143
\scratchbox=\box48
\nofMPsegments=\count184
\nofMParguments=\count185
\everyMPshowfont=\toks16
\MPscratchCnt=\count186
\MPscratchDim=\dimen144
\MPnumerator=\count187
\makeMPintoPDFobject=\count188
\everyMPtoPDFconversion=\toks17
)
(C:\Users\rodri\AppData\Local\Programs\MiKTeX\tex/latex/epstopdf-pkg\epstopdf-b
ase.sty
Package: epstopdf-base 2020-01-24 v2.11 Base part for package epstopdf
Package epstopdf-base Info: Redefining graphics rule for `.eps' on input line 4
85.
)
LaTeX Font Info:    External font `cmex10' loaded for size
(Font)              <7> on input line 40.
LaTeX Font Info:    External font `cmex10' loaded for size
(Font)              <5> on input line 40.
LaTeX Font Info:    External font `cmex10' loaded for size
(Font)              <12> on input line 40.
LaTeX Font Info:    External font `cmex10' loaded for size
(Font)              <8> on input line 40.
LaTeX Font Info:    External font `cmex10' loaded for size
(Font)              <6> on input line 40.
 [1{C:/Users/rodri/AppData/Local/MiKTeX/pdftex/config/pdftex.map}


]
<pseudo.png, id=19, 181.27725pt x 163.812pt>
File: pseudo.png Graphic file (type png)
<use pseudo.png>
Package pdftex.def Info: pseudo.png  used on input line 113.
(pdftex.def)             Requested size: 181.27681pt x 163.81158pt.

Underfull \vbox (badness 10000) has occurred while \output is active []


Underfull \hbox (badness 1259) in paragraph at lines 121--122
[]\OT1/cmr/m/n/10 The file re-spon-si-ble for re-sults is $\OML/cmm/m/it/10 Sim
ulation:py$
 []

[2 <./pseudo.png>]
Underfull \hbox (badness 10000) in paragraph at lines 134--135
[]\OT1/cmr/m/n/10 One with the first half gen-er-ated from
 []


Underfull \hbox (badness 10000) in paragraph at lines 134--135
\OT1/cmr/m/n/10 "aaaaabcdeeeeefghi-i-i-i-ijklm-nooooopqrstu-u-u-u-u-
 []

<absolute.png, id=25, 462.528pt x 346.896pt>
File: absolute.png Graphic file (type png)
<use absolute.png>
Package pdftex.def Info: absolute.png  used on input line 161.
(pdftex.def)             Requested size: 231.26343pt x 173.44757pt.
<relative.png, id=26, 462.528pt x 346.896pt>
File: relative.png Graphic file (type png)
<use relative.png>
Package pdftex.def Info: relative.png  used on input line 162.
(pdftex.def)             Requested size: 231.26343pt x 173.44757pt.
<false positive percent.png, id=27, 462.528pt x 346.896pt>
File: false positive percent.png Graphic file (type png)
<use false positive percent.png>
Package pdftex.def Info: false positive percent.png  used on input line 163.
(pdftex.def)             Requested size: 231.26343pt x 173.44757pt.
<false positive.png, id=28, 462.528pt x 346.896pt>
File: false positive.png Graphic file (type png)
<use false positive.png>
Package pdftex.def Info: false positive.png  used on input line 164.
(pdftex.def)             Requested size: 231.26343pt x 173.44757pt.
<rank misplacement.png, id=29, 462.528pt x 346.896pt>
File: rank misplacement.png Graphic file (type png)
<use rank misplacement.png>
Package pdftex.def Info: rank misplacement.png  used on input line 165.
(pdftex.def)             Requested size: 231.26343pt x 173.44757pt.

Underfull \hbox (badness 10000) in paragraph at lines 160--166
[]
 []


Underfull \hbox (badness 10000) in paragraph at lines 160--166
[]
 []


Underfull \hbox (badness 10000) in paragraph at lines 160--166
[]
 []


Underfull \hbox (badness 10000) in paragraph at lines 160--166
[]
 []


Underfull \vbox (badness 10000) has occurred while \output is active []

 [3 <./absolute.png> <./relative.png>]
Underfull \hbox (badness 1558) in paragraph at lines 186--191
\OT1/cmr/m/n/10 To solve this we sim-ply run the lossy count-ing
 []

[4 <./false positive percent.png> <./false positive.png> <./rank misplacement.p
ng>]
<bucket size.png, id=41, 462.528pt x 346.896pt>
File: bucket size.png Graphic file (type png)
<use bucket size.png>
Package pdftex.def Info: bucket size.png  used on input line 197.
(pdftex.def)             Requested size: 231.26343pt x 173.44757pt.
 (report.bbl) [5 <./bucket size.png>] (report.aux) ) 
Here is how much of TeX's memory you used:
 2222 strings out of 479799
 33339 string characters out of 2869723
 332257 words of memory out of 3000000
 19213 multiletter control sequences out of 15000+200000
 540394 words of font info for 46 fonts, out of 3000000 for 9000
 1141 hyphenation exceptions out of 8191
 66i,7n,73p,1021b,239s stack positions out of 5000i,500n,10000p,200000b,50000s
<C:/Users/rodri/AppData/Loc
al/Programs/MiKTeX/fonts/type1/public/amsfonts/cm/cmbx12.pfb><C:/Users/rodri/Ap
pData/Local/Programs/MiKTeX/fonts/type1/public/amsfonts/cm/cmbx9.pfb><C:/Users/
rodri/AppData/Local/Programs/MiKTeX/fonts/type1/public/amsfonts/cm/cmbxti10.pfb
><C:/Users/rodri/AppData/Local/Programs/MiKTeX/fonts/type1/public/amsfonts/cm/c
mcsc10.pfb><C:/Users/rodri/AppData/Local/Programs/MiKTeX/fonts/type1/public/ams
fonts/cm/cmmi10.pfb><C:/Users/rodri/AppData/Local/Programs/MiKTeX/fonts/type1/p
ublic/amsfonts/cm/cmmi7.pfb><C:/Users/rodri/AppData/Local/Programs/MiKTeX/fonts
/type1/public/amsfonts/cm/cmr10.pfb><C:/Users/rodri/AppData/Local/Programs/MiKT
eX/fonts/type1/public/amsfonts/cm/cmr12.pfb><C:/Users/rodri/AppData/Local/Progr
ams/MiKTeX/fonts/type1/public/amsfonts/cm/cmr6.pfb><C:/Users/rodri/AppData/Loca
l/Programs/MiKTeX/fonts/type1/public/amsfonts/cm/cmr7.pfb><C:/Users/rodri/AppDa
ta/Local/Programs/MiKTeX/fonts/type1/public/amsfonts/cm/cmr8.pfb><C:/Users/rodr
i/AppData/Local/Programs/MiKTeX/fonts/type1/public/amsfonts/cm/cmsy10.pfb><C:/U
sers/rodri/AppData/Local/Programs/MiKTeX/fonts/type1/public/amsfonts/cm/cmsy6.p
fb><C:/Users/rodri/AppData/Local/Programs/MiKTeX/fonts/type1/public/amsfonts/cm
/cmti10.pfb><C:/Users/rodri/AppData/Local/Programs/MiKTeX/fonts/type1/public/am
sfonts/cm/cmti8.pfb>
Output written on report.pdf (5 pages, 363864 bytes).
PDF statistics:
 93 PDF objects out of 1000 (max. 8388607)
 0 named destinations out of 1000 (max. 500000)
 36 words of extra memory for PDF output out of 10000 (max. 10000000)

